<?xml version="1.0" encoding="UTF-8"?>
<coverage generated="1751270126409" clover="3.2.0">
  <project timestamp="1751270126409" name="All files">
    <metrics statements="40" coveredstatements="37" conditionals="14" coveredconditionals="6" methods="14" coveredmethods="13" elements="68" coveredelements="56" complexity="0" loc="40" ncloc="40" packages="2" files="2" classes="2"/>
    <package name="src">
      <metrics statements="25" coveredstatements="22" conditionals="8" coveredconditionals="3" methods="5" coveredmethods="4"/>
      <file name="app.js" path="C:\Users\SUMIT gourav\NEM-Assignment-18\todo-api-testing\todo-api-testing1\src\app.js">
        <metrics statements="25" coveredstatements="22" conditionals="8" coveredconditionals="3" methods="5" coveredmethods="4"/>
        <line num="1" count="3" type="stmt"/>
        <line num="2" count="3" type="stmt"/>
        <line num="4" count="3" type="stmt"/>
        <line num="5" count="3" type="stmt"/>
        <line num="7" count="3" type="stmt"/>
        <line num="8" count="4" type="stmt"/>
        <line num="9" count="4" type="cond" truecount="1" falsecount="1"/>
        <line num="10" count="4" type="stmt"/>
        <line num="11" count="3" type="stmt"/>
        <line num="14" count="3" type="stmt"/>
        <line num="15" count="2" type="stmt"/>
        <line num="18" count="3" type="stmt"/>
        <line num="19" count="0" type="stmt"/>
        <line num="20" count="0" type="cond" truecount="0" falsecount="2"/>
        <line num="21" count="0" type="stmt"/>
        <line num="24" count="3" type="stmt"/>
        <line num="25" count="1" type="stmt"/>
        <line num="26" count="1" type="cond" truecount="1" falsecount="1"/>
        <line num="27" count="1" type="stmt"/>
        <line num="30" count="3" type="stmt"/>
        <line num="31" count="1" type="stmt"/>
        <line num="32" count="1" type="cond" truecount="1" falsecount="1"/>
        <line num="33" count="1" type="stmt"/>
        <line num="34" count="1" type="stmt"/>
        <line num="37" count="3" type="stmt"/>
      </file>
    </package>
    <package name="src.data">
      <metrics statements="15" coveredstatements="15" conditionals="6" coveredconditionals="3" methods="9" coveredmethods="9"/>
      <file name="db.js" path="C:\Users\SUMIT gourav\NEM-Assignment-18\todo-api-testing\todo-api-testing1\src\data\db.js">
        <metrics statements="15" coveredstatements="15" conditionals="6" coveredconditionals="3" methods="9" coveredmethods="9"/>
        <line num="1" count="3" type="stmt"/>
        <line num="2" count="3" type="stmt"/>
        <line num="5" count="4" type="stmt"/>
        <line num="6" count="4" type="stmt"/>
        <line num="7" count="4" type="stmt"/>
        <line num="11" count="1" type="stmt"/>
        <line num="12" count="1" type="cond" truecount="2" falsecount="2"/>
        <line num="13" count="1" type="stmt"/>
        <line num="17" count="1" type="stmt"/>
        <line num="18" count="1" type="cond" truecount="1" falsecount="1"/>
        <line num="22" count="1" type="stmt"/>
        <line num="26" count="2" type="stmt"/>
        <line num="30" count="3" type="stmt"/>
        <line num="31" count="3" type="stmt"/>
        <line num="34" count="3" type="stmt"/>
      </file>
    </package>
  </project>
</coverage>
