{"C:\\Users\\SUMIT gourav\\NEM-Assignment-18\\todo-api-testing\\todo-api-testing1\\src\\app.js": {"path":"C:\\Users\\SUMIT gourav\\NEM-Assignment-18\\todo-api-testing\\todo-api-testing1\\src\\app.js","statementMap":{"0":{"start":{"line":1,"column":16},"end":{"line":1,"column":34}},"1":{"start":{"line":2,"column":70},"end":{"line":2,"column":90}},"2":{"start":{"line":4,"column":12},"end":{"line":4,"column":21}},"3":{"start":{"line":5,"column":0},"end":{"line":5,"column":24}},"4":{"start":{"line":7,"column":0},"end":{"line":12,"column":3}},"5":{"start":{"line":8,"column":21},"end":{"line":8,"column":29}},"6":{"start":{"line":9,"column":4},"end":{"line":9,"column":74}},"7":{"start":{"line":9,"column":15},"end":{"line":9,"column":74}},"8":{"start":{"line":10,"column":17},"end":{"line":10,"column":33}},"9":{"start":{"line":11,"column":4},"end":{"line":11,"column":31}},"10":{"start":{"line":14,"column":0},"end":{"line":16,"column":3}},"11":{"start":{"line":15,"column":4},"end":{"line":15,"column":28}},"12":{"start":{"line":18,"column":0},"end":{"line":22,"column":3}},"13":{"start":{"line":19,"column":17},"end":{"line":19,"column":48}},"14":{"start":{"line":20,"column":4},"end":{"line":20,"column":72}},"15":{"start":{"line":20,"column":15},"end":{"line":20,"column":72}},"16":{"start":{"line":21,"column":4},"end":{"line":21,"column":19}},"17":{"start":{"line":24,"column":0},"end":{"line":28,"column":3}},"18":{"start":{"line":25,"column":20},"end":{"line":25,"column":68}},"19":{"start":{"line":26,"column":4},"end":{"line":26,"column":75}},"20":{"start":{"line":26,"column":18},"end":{"line":26,"column":75}},"21":{"start":{"line":27,"column":4},"end":{"line":27,"column":22}},"22":{"start":{"line":30,"column":0},"end":{"line":35,"column":3}},"23":{"start":{"line":31,"column":17},"end":{"line":31,"column":48}},"24":{"start":{"line":32,"column":4},"end":{"line":32,"column":72}},"25":{"start":{"line":32,"column":15},"end":{"line":32,"column":72}},"26":{"start":{"line":33,"column":4},"end":{"line":33,"column":38}},"27":{"start":{"line":34,"column":4},"end":{"line":34,"column":27}},"28":{"start":{"line":37,"column":0},"end":{"line":37,"column":21}}},"fnMap":{"0":{"name":"(anonymous_0)","decl":{"start":{"line":7,"column":19},"end":{"line":7,"column":20}},"loc":{"start":{"line":7,"column":33},"end":{"line":12,"column":1}},"line":7},"1":{"name":"(anonymous_1)","decl":{"start":{"line":14,"column":18},"end":{"line":14,"column":19}},"loc":{"start":{"line":14,"column":32},"end":{"line":16,"column":1}},"line":14},"2":{"name":"(anonymous_2)","decl":{"start":{"line":18,"column":22},"end":{"line":18,"column":23}},"loc":{"start":{"line":18,"column":36},"end":{"line":22,"column":1}},"line":18},"3":{"name":"(anonymous_3)","decl":{"start":{"line":24,"column":22},"end":{"line":24,"column":23}},"loc":{"start":{"line":24,"column":36},"end":{"line":28,"column":1}},"line":24},"4":{"name":"(anonymous_4)","decl":{"start":{"line":30,"column":25},"end":{"line":30,"column":26}},"loc":{"start":{"line":30,"column":39},"end":{"line":35,"column":1}},"line":30}},"branchMap":{"0":{"loc":{"start":{"line":9,"column":4},"end":{"line":9,"column":74}},"type":"if","locations":[{"start":{"line":9,"column":4},"end":{"line":9,"column":74}},{"start":{},"end":{}}],"line":9},"1":{"loc":{"start":{"line":20,"column":4},"end":{"line":20,"column":72}},"type":"if","locations":[{"start":{"line":20,"column":4},"end":{"line":20,"column":72}},{"start":{},"end":{}}],"line":20},"2":{"loc":{"start":{"line":26,"column":4},"end":{"line":26,"column":75}},"type":"if","locations":[{"start":{"line":26,"column":4},"end":{"line":26,"column":75}},{"start":{},"end":{}}],"line":26},"3":{"loc":{"start":{"line":32,"column":4},"end":{"line":32,"column":72}},"type":"if","locations":[{"start":{"line":32,"column":4},"end":{"line":32,"column":72}},{"start":{},"end":{}}],"line":32}},"s":{"0":3,"1":3,"2":3,"3":3,"4":3,"5":4,"6":4,"7":0,"8":4,"9":3,"10":3,"11":2,"12":3,"13":0,"14":0,"15":0,"16":0,"17":3,"18":1,"19":1,"20":0,"21":1,"22":3,"23":1,"24":1,"25":0,"26":1,"27":1,"28":3},"f":{"0":4,"1":2,"2":0,"3":1,"4":1},"b":{"0":[0,4],"1":[0,0],"2":[0,1],"3":[0,1]},"_coverageSchema":"1a1c01bbd47fc00a2c39e90264f33305004495a9","hash":"0f272e87afe2aa3ce3353a363873fc7922ffbb8d"}
,"C:\\Users\\SUMIT gourav\\NEM-Assignment-18\\todo-api-testing\\todo-api-testing1\\src\\data\\db.js": {"path":"C:\\Users\\SUMIT gourav\\NEM-Assignment-18\\todo-api-testing\\todo-api-testing1\\src\\data\\db.js","statementMap":{"0":{"start":{"line":1,"column":12},"end":{"line":1,"column":14}},"1":{"start":{"line":2,"column":16},"end":{"line":2,"column":17}},"2":{"start":{"line":5,"column":17},"end":{"line":5,"column":42}},"3":{"start":{"line":6,"column":4},"end":{"line":6,"column":21}},"4":{"start":{"line":7,"column":4},"end":{"line":7,"column":16}},"5":{"start":{"line":11,"column":17},"end":{"line":11,"column":45}},"6":{"start":{"line":11,"column":33},"end":{"line":11,"column":44}},"7":{"start":{"line":12,"column":4},"end":{"line":12,"column":47}},"8":{"start":{"line":12,"column":14},"end":{"line":12,"column":47}},"9":{"start":{"line":13,"column":4},"end":{"line":13,"column":16}},"10":{"start":{"line":17,"column":18},"end":{"line":17,"column":51}},"11":{"start":{"line":17,"column":39},"end":{"line":17,"column":50}},"12":{"start":{"line":18,"column":4},"end":{"line":18,"column":45}},"13":{"start":{"line":18,"column":22},"end":{"line":18,"column":45}},"14":{"start":{"line":22,"column":4},"end":{"line":22,"column":40}},"15":{"start":{"line":22,"column":27},"end":{"line":22,"column":38}},"16":{"start":{"line":26,"column":4},"end":{"line":26,"column":17}},"17":{"start":{"line":30,"column":4},"end":{"line":30,"column":15}},"18":{"start":{"line":31,"column":4},"end":{"line":31,"column":18}},"19":{"start":{"line":34,"column":0},"end":{"line":41,"column":2}}},"fnMap":{"0":{"name":"createTodo","decl":{"start":{"line":4,"column":9},"end":{"line":4,"column":19}},"loc":{"start":{"line":4,"column":26},"end":{"line":8,"column":1}},"line":4},"1":{"name":"updateTodo","decl":{"start":{"line":10,"column":9},"end":{"line":10,"column":19}},"loc":{"start":{"line":10,"column":33},"end":{"line":14,"column":1}},"line":10},"2":{"name":"(anonymous_2)","decl":{"start":{"line":11,"column":28},"end":{"line":11,"column":29}},"loc":{"start":{"line":11,"column":33},"end":{"line":11,"column":44}},"line":11},"3":{"name":"deleteTodo","decl":{"start":{"line":16,"column":9},"end":{"line":16,"column":19}},"loc":{"start":{"line":16,"column":24},"end":{"line":19,"column":1}},"line":16},"4":{"name":"(anonymous_4)","decl":{"start":{"line":17,"column":34},"end":{"line":17,"column":35}},"loc":{"start":{"line":17,"column":39},"end":{"line":17,"column":50}},"line":17},"5":{"name":"findTodo","decl":{"start":{"line":21,"column":9},"end":{"line":21,"column":17}},"loc":{"start":{"line":21,"column":22},"end":{"line":23,"column":1}},"line":21},"6":{"name":"(anonymous_6)","decl":{"start":{"line":22,"column":22},"end":{"line":22,"column":23}},"loc":{"start":{"line":22,"column":27},"end":{"line":22,"column":38}},"line":22},"7":{"name":"getAllTodos","decl":{"start":{"line":25,"column":9},"end":{"line":25,"column":20}},"loc":{"start":{"line":25,"column":23},"end":{"line":27,"column":1}},"line":25},"8":{"name":"resetDB","decl":{"start":{"line":29,"column":9},"end":{"line":29,"column":16}},"loc":{"start":{"line":29,"column":19},"end":{"line":32,"column":1}},"line":29}},"branchMap":{"0":{"loc":{"start":{"line":12,"column":4},"end":{"line":12,"column":47}},"type":"if","locations":[{"start":{"line":12,"column":4},"end":{"line":12,"column":47}},{"start":{},"end":{}}],"line":12},"1":{"loc":{"start":{"line":12,"column":26},"end":{"line":12,"column":46}},"type":"binary-expr","locations":[{"start":{"line":12,"column":26},"end":{"line":12,"column":33}},{"start":{"line":12,"column":37},"end":{"line":12,"column":46}}],"line":12},"2":{"loc":{"start":{"line":18,"column":4},"end":{"line":18,"column":45}},"type":"if","locations":[{"start":{"line":18,"column":4},"end":{"line":18,"column":45}},{"start":{},"end":{}}],"line":18}},"s":{"0":3,"1":3,"2":4,"3":4,"4":4,"5":1,"6":1,"7":1,"8":1,"9":1,"10":1,"11":1,"12":1,"13":1,"14":1,"15":1,"16":2,"17":3,"18":3,"19":3},"f":{"0":4,"1":1,"2":1,"3":1,"4":1,"5":1,"6":1,"7":2,"8":3},"b":{"0":[1,0],"1":[1,0],"2":[1,0]},"_coverageSchema":"1a1c01bbd47fc00a2c39e90264f33305004495a9","hash":"27eccf70eaa2249c49733841b739023e8093e701"}
}
