TN:
SF:src\app.js
FN:7,(anonymous_0)
FN:14,(anonymous_1)
FN:18,(anonymous_2)
FN:24,(anonymous_3)
FN:30,(anonymous_4)
FNF:5
FNH:4
FNDA:4,(anonymous_0)
FNDA:2,(anonymous_1)
FNDA:0,(anonymous_2)
FNDA:1,(anonymous_3)
FNDA:1,(anonymous_4)
DA:1,3
DA:2,3
DA:4,3
DA:5,3
DA:7,3
DA:8,4
DA:9,4
DA:10,4
DA:11,3
DA:14,3
DA:15,2
DA:18,3
DA:19,0
DA:20,0
DA:21,0
DA:24,3
DA:25,1
DA:26,1
DA:27,1
DA:30,3
DA:31,1
DA:32,1
DA:33,1
DA:34,1
DA:37,3
LF:25
LH:22
BRDA:9,0,0,0
BRDA:9,0,1,4
BRDA:20,1,0,0
BRDA:20,1,1,0
BRDA:26,2,0,0
BRDA:26,2,1,1
BRDA:32,3,0,0
BRDA:32,3,1,1
BRF:8
BRH:3
end_of_record
TN:
SF:src\data\db.js
FN:4,createTodo
FN:10,updateTodo
FN:11,(anonymous_2)
FN:16,deleteTodo
FN:17,(anonymous_4)
FN:21,findTodo
FN:22,(anonymous_6)
FN:25,getAllTodos
FN:29,resetDB
FNF:9
FNH:9
FNDA:4,createTodo
FNDA:1,updateTodo
FNDA:1,(anonymous_2)
FNDA:1,deleteTodo
FNDA:1,(anonymous_4)
FNDA:1,findTodo
FNDA:1,(anonymous_6)
FNDA:2,getAllTodos
FNDA:3,resetDB
DA:1,3
DA:2,3
DA:5,4
DA:6,4
DA:7,4
DA:11,1
DA:12,1
DA:13,1
DA:17,1
DA:18,1
DA:22,1
DA:26,2
DA:30,3
DA:31,3
DA:34,3
LF:15
LH:15
BRDA:12,0,0,1
BRDA:12,0,1,0
BRDA:12,1,0,1
BRDA:12,1,1,0
BRDA:18,2,0,1
BRDA:18,2,1,0
BRF:6
BRH:3
end_of_record
